<?xml version="1.0" encoding="UTF-8"?>
<!-- Generated by org.testng.reporters.JUnitReportReporter -->
<testsuite hostname="Swetha" failures="0" tests="3" name="com.example.AppTest" time="49.455" errors="0" timestamp="2024-05-02T12:17:06 IST" skipped="0">
  <testcase classname="com.example.AppTest" name="testCase1" time="19.176"/>
  <testcase classname="com.example.AppTest" name="testCase2" time="16.529"/>
  <testcase classname="com.example.AppTest" name="testCase3" time="13.750"/>
</testsuite> <!-- com.example.AppTest -->
